  Core.cpp
  GameFunc_Ending.cpp
  GameFunc_Events.cpp
C:\Users\user\Documents\GitHub\TrainGame_Refactoring\TrainGame\TSDL.h(15,2): warning C4091: 'static ': 변수를 선언하지 않으면 'TSDL' 왼쪽은 무시됩니다.
  (소스 파일 'GameFunc_Events.cpp'을(를) 컴파일하는 중)
  
  GameFunc_Intro.cpp
  GameFunc_Platform.cpp
  GameFunc_Running.cpp
C:\Users\user\Documents\GitHub\TrainGame_Refactoring\TrainGame\GameFunc_Running.cpp(93,32): warning C4244: '-=': 'double'에서 'int'(으)로 변환하면서 데이터가 손실될 수 있습니다.
C:\Users\user\Documents\GitHub\TrainGame_Refactoring\TrainGame\GameFunc_Running.cpp(100,56): warning C4244: '-=': 'double'에서 'int'(으)로 변환하면서 데이터가 손실될 수 있습니다.
C:\Users\user\Documents\GitHub\TrainGame_Refactoring\TrainGame\GameFunc_Running.cpp(107,44): warning C4244: '-=': 'double'에서 'int'(으)로 변환하면서 데이터가 손실될 수 있습니다.
  main.cpp
  TSDL.cpp
C:\Users\user\Documents\GitHub\TrainGame_Refactoring\TrainGame\TSDL.h(15,2): warning C4091: 'static ': 변수를 선언하지 않으면 'TSDL' 왼쪽은 무시됩니다.
  (소스 파일 'TSDL.cpp'을(를) 컴파일하는 중)
  
  코드를 생성하고 있습니다.
  Previous IPDB was built with incompatible compiler, fall back to full compilation.
  All 84 functions were compiled because no usable IPDB/IOBJ from previous compilation was found.
  코드를 생성했습니다.
  TrainGame.vcxproj -> C:\Users\user\Documents\GitHub\TrainGame_Refactoring\x64\Release\TrainGame.exe
